<?xml version="1.0" encoding="UTF-8"?>
<testsuite xmlns:xsi="http://www.w3.org/2001/XMLSchema-instance" xsi:noNamespaceSchemaLocation="https://maven.apache.org/surefire/maven-surefire-plugin/xsd/surefire-test-report.xsd" version="3.0.2" name="com.example.springboot.HelloControllerTest" time="3.69" tests="1" errors="0" skipped="0" failures="0">
  <properties>
[...]
</properties>
  <testcase name="getHello" classname="com.example.springboot.HelloControllerTest" time="0.397">
    <system-out><![CDATA[2026-02-02T16:07:15.334+05:30  INFO 4616 --- [           main] t.c.s.AnnotationConfigContextLoaderUtils : Could not detect default configuration classes for test class [com.example.springboot.HelloControllerTest]: HelloControllerTest does not declare any static, non-private, non-final, nested classes annotated with @Configuration.
2026-02-02T16:07:15.349+05:30  INFO 4616 --- [           main] .b.t.c.SpringBootTestContextBootstrapper : Found @SpringBootConfiguration com.example.springboot.Application for test class com.example.springboot.HelloControllerTest

  .   ____          _            __ _ _
 /\\ / ___'_ __ _ _(_)_ __  __ _ \ \ \ \
( ( )\___ | '_ | '_| | '_ \/ _` | \ \ \ \
 \\/  ___)| |_)| | | | | || (_| |  ) ) ) )
  '  |____| .__|_| |_|_| |_\__, | / / / /
 =========|_|==============|___/=/_/_/_/

 :: Spring Boot ::                (v4.0.1)

2026-02-02T16:07:15.430+05:30  INFO 4616 --- [           main] c.e.springboot.HelloControllerTest       : Starting HelloControllerTest using Java 21.0.9 with PID 4616 (started by deshan in /home/deshan/hello-webapp/complete)
2026-02-02T16:07:15.431+05:30  INFO 4616 --- [           main] c.e.springboot.HelloControllerTest       : No active profile set, falling back to 1 default profile: "default"
2026-02-02T16:07:18.020+05:30  INFO 4616 --- [           main] o.s.b.t.m.w.SpringBootMockServletContext : Initializing Spring TestDispatcherServlet ''
2026-02-02T16:07:18.022+05:30  INFO 4616 --- [           main] o.s.t.web.servlet.TestDispatcherServlet  : Initializing Servlet ''
2026-02-02T16:07:18.032+05:30  INFO 4616 --- [           main] o.s.b.a.e.web.EndpointLinksResolver      : Exposing 2 endpoints beneath base path '/actuator'
2026-02-02T16:07:18.053+05:30  INFO 4616 --- [           main] o.s.t.web.servlet.TestDispatcherServlet  : Completed initialization in 29 ms
2026-02-02T16:07:18.385+05:30  INFO 4616 --- [           main] c.e.springboot.HelloControllerTest       : Started HelloControllerTest in 3.014 seconds (process running for 29.542)
Let's inspect the beans provided by Spring Boot:
application
applicationAvailability
applicationTaskExecutor
applicationTaskExecutorAsyncConfigurer
availabilityProbesHealthEndpointGroupsPostProcessor
basicErrorController
beanNameHandlerMapping
beanNameViewResolver
bootstrapExecutorAliasPostProcessor
characterEncodingFilter
classLoaderMetrics
clientConvertersCustomizer
commandLineRunner
controllerEndpointDiscoverer
controllerEndpointHandlerMapping
controllerExposeExcludePropertyEndpointFilter
conventionErrorViewResolver
defaultMeterObservationHandler
defaultServletHandlerMapping
defaultViewResolver
diskSpaceHealthIndicator
diskSpaceMetrics
dispatcherServlet
dispatcherServletRegistration
eagerTaskExecutorMetrics
endpointCachingOperationInvokerAdvisor
endpointJsonMapper
endpointJsonMapperWebMvcConfigurer
endpointMediaTypes
endpointOperationParameterMapper
error
errorAttributes
errorPageCustomizer
errorPageRegistrarBeanPostProcessor
fileDescriptorMetrics
fileWatcher
flashMapManager
forceAutoProxyCreatorToUseClassProxying
formContentFilter
groupsHealthContributorNameValidator
handlerExceptionResolver
handlerFunctionAdapter
healthContributorRegistry
healthEndpoint
healthEndpointGroupMembershipValidator
healthEndpointGroups
healthEndpointGroupsBeanPostProcessor
healthEndpointWebExtension
healthEndpointWebMvcHandlerMapping
healthHttpCodeStatusMapper
healthStatusAggregator
helloController
httpRequestHandlerAdapter
infoEndpoint
jacksonJsonHttpMessageConvertersCustomizer
jacksonJsonMapper
jacksonMixinModule
jacksonMixinModuleEntries
jsonComponentModule
jsonMapperBuilder
jvmCompilationMetrics
jvmGcMetrics
jvmHeapPressureMetrics
jvmInfoMetrics
jvmMemoryMetrics
jvmThreadMetrics
lifecycleProcessor
livenessStateHealthIndicator
localeResolver
logbackMetrics
management.endpoint.health-org.springframework.boot.health.autoconfigure.actuate.endpoint.HealthEndpointProperties
management.endpoints.web-org.springframework.boot.actuate.autoconfigure.endpoint.web.WebEndpointProperties
management.endpoints.web.cors-org.springframework.boot.actuate.autoconfigure.endpoint.web.CorsEndpointProperties
management.health.diskspace-org.springframework.boot.health.autoconfigure.application.DiskSpaceHealthIndicatorProperties
management.health.ssl-org.springframework.boot.health.autoconfigure.application.SslHealthIndicatorProperties
management.info-org.springframework.boot.actuate.autoconfigure.info.InfoContributorProperties
management.metrics-org.springframework.boot.micrometer.metrics.autoconfigure.MetricsProperties
management.observations-org.springframework.boot.micrometer.observation.autoconfigure.ObservationProperties
management.simple.metrics.export-org.springframework.boot.micrometer.metrics.autoconfigure.export.simple.SimpleProperties
managementServletContext
meterRegistryCloser
meterRegistryPostProcessor
metricsHttpServerUriTagFilter
metricsObservationHandlerGroup
micrometerClock
mockMvc
mockMvcBuilder
mockMvcTester
multipartConfigElement
multipartResolver
mvcApiVersionStrategy
mvcContentNegotiationManager
mvcConversionService
mvcHandlerMappingIntrospector
mvcPathMatcher
mvcPatternParser
mvcResourceUrlProvider
mvcUriComponentsContributor
mvcUrlPathHelper
mvcValidator
mvcViewResolver
observabilitySchedulingConfigurer
observationRegistry
observationRegistryPostProcessor
org.springframework.aop.config.internalAutoProxyCreator
org.springframework.aop.framework.autoproxy.defaultProxyConfig
org.springframework.boot.actuate.autoconfigure.endpoint.EndpointAutoConfiguration
org.springframework.boot.actuate.autoconfigure.endpoint.jackson.JacksonEndpointAutoConfiguration
org.springframework.boot.actuate.autoconfigure.endpoint.web.WebEndpointAutoConfiguration
org.springframework.boot.actuate.autoconfigure.endpoint.web.WebEndpointAutoConfiguration$WebEndpointServletConfiguration
org.springframework.boot.actuate.autoconfigure.info.InfoContributorAutoConfiguration
org.springframework.boot.actuate.autoconfigure.info.InfoEndpointAutoConfiguration
org.springframework.boot.actuate.autoconfigure.web.server.ManagementContextAutoConfiguration
org.springframework.boot.actuate.autoconfigure.web.server.ManagementContextAutoConfiguration$SameManagementContextConfiguration
org.springframework.boot.actuate.autoconfigure.web.server.ManagementContextAutoConfiguration$SameManagementContextConfiguration$EnableSameManagementContextConfiguration
org.springframework.boot.autoconfigure.AutoConfigurationPackages
org.springframework.boot.autoconfigure.aop.AopAutoConfiguration
org.springframework.boot.autoconfigure.aop.AopAutoConfiguration$ClassProxyingConfiguration
org.springframework.boot.autoconfigure.availability.ApplicationAvailabilityAutoConfiguration
org.springframework.boot.autoconfigure.context.ConfigurationPropertiesAutoConfiguration
org.springframework.boot.autoconfigure.context.LifecycleAutoConfiguration
org.springframework.boot.autoconfigure.context.PropertyPlaceholderAutoConfiguration
org.springframework.boot.autoconfigure.info.ProjectInfoAutoConfiguration
org.springframework.boot.autoconfigure.internalCachingMetadataReaderFactory
org.springframework.boot.autoconfigure.ssl.SslAutoConfiguration
org.springframework.boot.autoconfigure.task.TaskExecutionAutoConfiguration
org.springframework.boot.autoconfigure.task.TaskExecutorConfigurations$AsyncConfigurerConfiguration
org.springframework.boot.autoconfigure.task.TaskExecutorConfigurations$BootstrapExecutorConfiguration
org.springframework.boot.autoconfigure.task.TaskExecutorConfigurations$SimpleAsyncTaskExecutorBuilderConfiguration
org.springframework.boot.autoconfigure.task.TaskExecutorConfigurations$TaskExecutorConfiguration
org.springframework.boot.autoconfigure.task.TaskExecutorConfigurations$ThreadPoolTaskExecutorBuilderConfiguration
org.springframework.boot.autoconfigure.task.TaskSchedulingAutoConfiguration
org.springframework.boot.autoconfigure.task.TaskSchedulingConfigurations$SimpleAsyncTaskSchedulerBuilderConfiguration
org.springframework.boot.autoconfigure.task.TaskSchedulingConfigurations$ThreadPoolTaskSchedulerBuilderConfiguration
org.springframework.boot.context.internalConfigurationPropertiesBinder
org.springframework.boot.context.properties.BoundConfigurationProperties
org.springframework.boot.context.properties.ConfigurationPropertiesBindingPostProcessor
org.springframework.boot.context.properties.EnableConfigurationPropertiesRegistrar.methodValidationExcludeFilter
org.springframework.boot.health.autoconfigure.actuate.endpoint.AvailabilityProbesAutoConfiguration
org.springframework.boot.health.autoconfigure.actuate.endpoint.HealthEndpointAutoConfiguration
org.springframework.boot.health.autoconfigure.actuate.endpoint.HealthEndpointConfiguration
org.springframework.boot.health.autoconfigure.actuate.endpoint.HealthEndpointWebExtensionConfiguration
org.springframework.boot.health.autoconfigure.application.AvailabilityHealthContributorAutoConfiguration
org.springframework.boot.health.autoconfigure.application.DiskSpaceHealthContributorAutoConfiguration
org.springframework.boot.health.autoconfigure.application.SslHealthContributorAutoConfiguration
org.springframework.boot.health.autoconfigure.contributor.HealthContributorAutoConfiguration
org.springframework.boot.health.autoconfigure.registry.HealthContributorRegistryAutoConfiguration
org.springframework.boot.http.converter.autoconfigure.HttpMessageConvertersAutoConfiguration
org.springframework.boot.http.converter.autoconfigure.HttpMessageConvertersAutoConfiguration$StringHttpMessageConverterConfiguration
org.springframework.boot.http.converter.autoconfigure.Jackson2HttpMessageConvertersConfiguration
org.springframework.boot.http.converter.autoconfigure.JacksonHttpMessageConvertersConfiguration
org.springframework.boot.http.converter.autoconfigure.JacksonHttpMessageConvertersConfiguration$JacksonJsonHttpMessageConverterConfiguration
org.springframework.boot.jackson.autoconfigure.JacksonAutoConfiguration
org.springframework.boot.jackson.autoconfigure.JacksonAutoConfiguration$JacksonJsonMapperBuilderCustomizerConfiguration
org.springframework.boot.jackson.autoconfigure.JacksonAutoConfiguration$JacksonMixinConfiguration
org.springframework.boot.jackson.autoconfigure.JacksonAutoConfiguration$JsonProblemDetailsConfiguration
org.springframework.boot.micrometer.metrics.autoconfigure.CompositeMeterRegistryAutoConfiguration
org.springframework.boot.micrometer.metrics.autoconfigure.MetricsAutoConfiguration
org.springframework.boot.micrometer.metrics.autoconfigure.export.simple.SimpleMetricsExportAutoConfiguration
org.springframework.boot.micrometer.metrics.autoconfigure.jvm.JvmMetricsAutoConfiguration
org.springframework.boot.micrometer.metrics.autoconfigure.logging.logback.LogbackMetricsAutoConfiguration
org.springframework.boot.micrometer.metrics.autoconfigure.startup.StartupTimeMetricsListenerAutoConfiguration
org.springframework.boot.micrometer.metrics.autoconfigure.system.SystemMetricsAutoConfiguration
org.springframework.boot.micrometer.metrics.autoconfigure.task.TaskExecutorMetricsAutoConfiguration
org.springframework.boot.micrometer.observation.autoconfigure.ObservationAutoConfiguration
org.springframework.boot.micrometer.observation.autoconfigure.ScheduledTasksObservationAutoConfiguration
org.springframework.boot.servlet.autoconfigure.HttpEncodingAutoConfiguration
org.springframework.boot.servlet.autoconfigure.MultipartAutoConfiguration
org.springframework.boot.servlet.autoconfigure.actuate.web.ServletEndpointManagementContextConfiguration
org.springframework.boot.servlet.autoconfigure.actuate.web.ServletManagementContextAutoConfiguration
org.springframework.boot.test.context.ImportsContextCustomizer$ImportsCleanupPostProcessor
org.springframework.boot.tomcat.autoconfigure.metrics.TomcatMetricsAutoConfiguration
org.springframework.boot.tomcat.autoconfigure.servlet.TomcatServletWebServerAutoConfiguration
org.springframework.boot.web.server.autoconfigure.servlet.ServletWebServerConfiguration
org.springframework.boot.webmvc.autoconfigure.DispatcherServletAutoConfiguration
org.springframework.boot.webmvc.autoconfigure.DispatcherServletAutoConfiguration$DispatcherServletConfiguration
org.springframework.boot.webmvc.autoconfigure.DispatcherServletAutoConfiguration$DispatcherServletRegistrationConfiguration
org.springframework.boot.webmvc.autoconfigure.WebMvcAutoConfiguration
org.springframework.boot.webmvc.autoconfigure.WebMvcAutoConfiguration$EnableWebMvcConfiguration
org.springframework.boot.webmvc.autoconfigure.WebMvcAutoConfiguration$WebMvcAutoConfigurationAdapter
org.springframework.boot.webmvc.autoconfigure.WebMvcObservationAutoConfiguration
org.springframework.boot.webmvc.autoconfigure.WebMvcObservationAutoConfiguration$MeterFilterConfiguration
org.springframework.boot.webmvc.autoconfigure.actuate.endpoint.web.WebMvcHealthEndpointExtensionAutoConfiguration
org.springframework.boot.webmvc.autoconfigure.actuate.web.WebMvcEndpointManagementContextConfiguration
org.springframework.boot.webmvc.autoconfigure.error.ErrorMvcAutoConfiguration
org.springframework.boot.webmvc.autoconfigure.error.ErrorMvcAutoConfiguration$DefaultErrorViewResolverConfiguration
org.springframework.boot.webmvc.autoconfigure.error.ErrorMvcAutoConfiguration$WhitelabelErrorViewConfiguration
org.springframework.boot.webmvc.test.autoconfigure.MockMvcAutoConfiguration
org.springframework.boot.webmvc.test.autoconfigure.MockMvcConfiguration
org.springframework.boot.webmvc.test.autoconfigure.MockMvcTesterConfiguration
org.springframework.context.annotation.internalAutowiredAnnotationProcessor
org.springframework.context.annotation.internalCommonAnnotationProcessor
org.springframework.context.annotation.internalConfigurationAnnotationProcessor
org.springframework.context.event.internalEventListenerFactory
org.springframework.context.event.internalEventListenerProcessor
org.springframework.test.context.support.internalDynamicPropertyRegistrarBeanInitializer
pathMappedEndpoints
pingHealthContributor
preserveErrorControllerTargetClassPostProcessor
problemDetailJsonMapperBuilderCustomizer
processorMetrics
propertiesEndpointAccessResolver
propertiesMeterFilter
propertiesObservationFilter
propertySourcesPlaceholderConfigurer
readinessStateHealthIndicator
requestContextFilter
requestMappingHandlerAdapter
requestMappingHandlerMapping
resourceHandlerMapping
routerFunctionMapping
server-org.springframework.boot.web.server.autoconfigure.ServerProperties
server.tomcat-org.springframework.boot.tomcat.autoconfigure.TomcatServerProperties
serverConvertersCustomizer
servletEndpointDiscoverer
servletEndpointRegistrar
servletExposeExcludePropertyEndpointFilter
servletWebServerFactoryCustomizer
simpleAsyncTaskExecutorBuilder
simpleAsyncTaskSchedulerBuilder
simpleConfig
simpleControllerHandlerAdapter
simpleMeterRegistry
spelValueExpressionResolver
spring.http.converters-org.springframework.boot.http.converter.autoconfigure.HttpMessageConvertersProperties
spring.info-org.springframework.boot.autoconfigure.info.ProjectInfoProperties
spring.jackson-org.springframework.boot.jackson.autoconfigure.JacksonProperties
spring.lifecycle-org.springframework.boot.autoconfigure.context.LifecycleProperties
spring.mvc-org.springframework.boot.webmvc.autoconfigure.WebMvcProperties
spring.servlet.encoding-org.springframework.boot.servlet.autoconfigure.ServletEncodingProperties
spring.servlet.multipart-org.springframework.boot.servlet.autoconfigure.MultipartProperties
spring.ssl-org.springframework.boot.autoconfigure.ssl.SslProperties
spring.task.execution-org.springframework.boot.autoconfigure.task.TaskExecutionProperties
spring.task.scheduling-org.springframework.boot.autoconfigure.task.TaskSchedulingProperties
spring.web-org.springframework.boot.autoconfigure.web.WebProperties
springBootMockMvcBuilderCustomizer
sslBundleRegistry
sslHealthIndicator
sslInfo
sslPropertiesSslBundleRegistrar
standardJsonMapperBuilderCustomizer
startupTimeMetrics
stringHttpMessageConvertersCustomizer
threadPoolTaskExecutorBuilder
threadPoolTaskSchedulerBuilder
tomcatMetricsBinder
tomcatServletWebServerFactory
tomcatServletWebServerFactoryCustomizer
uptimeMetrics
viewControllerHandlerMapping
viewNameTranslator
viewResolver
webAccessPropertiesOperationFilter
webEndpointDiscoverer
webEndpointPathMapper
webEndpointServletHandlerMapping
webExposeExcludePropertyEndpointFilter
webMvcObservationFilter
webServerFactoryCustomizerBeanPostProcessor
welcomePageHandlerMapping
welcomePageNotAcceptableHandlerMapping
]]></system-out>
  </testcase>
</testsuite>